2024-03-08 10:18:08,360 [INFO] Activator:176 - 


2024-03-08 10:18:08,362 [INFO] Activator:177 - !SESSION log4j initialized
2024-03-08 10:18:10,397 [ERROR] LogOutputStream:75 - [STDERR_REDIRECT] 
2024-03-08 10:18:10,933 [INFO] LogOutputStream:77 - [STDOUT_REDIRECT] 
2024-03-08 10:18:12,668 [INFO] LogOutputStream:77 - [STDOUT_REDIRECT] 
2024-03-08 10:18:14,436 [INFO] ApplicationProperties:184 - Using Application install path: /Applications/STM32CubeIDE.app/Contents/Eclipse/plugins/com.st.stm32cube.common.mx_6.10.0.202311202037
2024-03-08 10:18:14,447 [INFO] DbMcusXml:78 - Set database path to: /Applications/STM32CubeIDE.app/Contents/Eclipse/plugins/com.st.stm32cube.common.mx_6.10.0.202311202037//db//mcu/
2024-03-08 10:18:14,447 [INFO] ApiDb:274 - Set plugin database path to: /Applications/STM32CubeIDE.app/Contents/Eclipse/plugins/com.st.stm32cube.common.mx_6.10.0.202311202037//db//plugins/boardmanager/
2024-03-08 10:18:14,448 [WARN] ApiDb:259 - Overriding images path with different value:  => /Applications/STM32CubeIDE.app/Contents/Eclipse/plugins/com.st.stm32cube.common.mx_6.10.0.202311202037//db//plugins/mcufinder/images/
2024-03-08 10:18:14,456 [INFO] ApiDb:250 - Set database path to: /Users/aditya/.stmcufinder/plugins/mcufinder//mcu/
2024-03-08 10:18:14,457 [INFO] DbMcusAds:125 - Set database path to: /Users/aditya/.stmcufinder/plugins/mcufinder//mcu/
2024-03-08 10:18:14,458 [INFO] CrossReferenceDbSqlite:203 - Set database path to: /Users/aditya/.stmcufinder/plugins/mcufinder//mcu/cs/
2024-03-08 10:18:14,566 [INFO] RulesReader:64 - Compatibility file has been processed (297 Rules)
2024-03-08 10:18:14,622 [INFO] DbMcusXml:78 - Set database path to: /Applications/STM32CubeIDE.app/Contents/Eclipse/plugins/com.st.stm32cube.common.mx_6.10.0.202311202037//db//mcu/
2024-03-08 10:18:14,623 [INFO] ApiDb:274 - Set plugin database path to: /Applications/STM32CubeIDE.app/Contents/Eclipse/plugins/com.st.stm32cube.common.mx_6.10.0.202311202037//db//plugins/boardmanager/
2024-03-08 10:18:14,623 [INFO] ApiDb:261 - Set plugin images path to: /Applications/STM32CubeIDE.app/Contents/Eclipse/plugins/com.st.stm32cube.common.mx_6.10.0.202311202037//db//plugins/mcufinder/images/
2024-03-08 10:18:14,623 [WARN] DbFile:41 - Overriding database path with different value: /Users/aditya/.stmcufinder/plugins/mcufinder/ => /Users/aditya/.stmcufinder/plugins/mcufinder
2024-03-08 10:18:14,623 [INFO] ApiDb:250 - Set database path to: /Users/aditya/.stmcufinder/plugins/mcufinder//mcu/
2024-03-08 10:18:14,623 [WARN] DbFile:41 - Overriding database path with different value: /Users/aditya/.stmcufinder/plugins/mcufinder/ => /Users/aditya/.stmcufinder/plugins/mcufinder
2024-03-08 10:18:14,623 [INFO] DbMcusAds:125 - Set database path to: /Users/aditya/.stmcufinder/plugins/mcufinder//mcu/
2024-03-08 10:18:14,623 [WARN] DbFile:41 - Overriding database path with different value: /Users/aditya/.stmcufinder/plugins/mcufinder/ => /Users/aditya/.stmcufinder/plugins/mcufinder
2024-03-08 10:18:14,623 [WARN] DbFile:41 - Overriding database path with different value: /Users/aditya/.stmcufinder/plugins/mcufinder/ => /Users/aditya/.stmcufinder/plugins/mcufinder
2024-03-08 10:18:14,623 [INFO] CrossReferenceDbSqlite:203 - Set database path to: /Users/aditya/.stmcufinder/plugins/mcufinder//mcu/cs/
2024-03-08 10:18:14,690 [INFO] MainPanel:264 - HeapMemory: 268435456
2024-03-08 10:18:14,758 [INFO] DbMcusXml:78 - Set database path to: /Applications/STM32CubeIDE.app/Contents/Eclipse/plugins/com.st.stm32cube.common.mx_6.10.0.202311202037//db//mcu/
2024-03-08 10:18:14,758 [INFO] ApiDb:274 - Set plugin database path to: /Applications/STM32CubeIDE.app/Contents/Eclipse/plugins/com.st.stm32cube.common.mx_6.10.0.202311202037//db//plugins/boardmanager/
2024-03-08 10:18:14,759 [INFO] ApiDb:261 - Set plugin images path to: /Applications/STM32CubeIDE.app/Contents/Eclipse/plugins/com.st.stm32cube.common.mx_6.10.0.202311202037//db//plugins/mcufinder/images/
2024-03-08 10:18:14,759 [WARN] DbFile:41 - Overriding database path with different value: /Users/aditya/.stmcufinder/plugins/mcufinder/ => /Users/aditya/.stmcufinder/plugins/mcufinder
2024-03-08 10:18:14,759 [INFO] ApiDb:250 - Set database path to: /Users/aditya/.stmcufinder/plugins/mcufinder//mcu/
2024-03-08 10:18:14,759 [WARN] DbFile:41 - Overriding database path with different value: /Users/aditya/.stmcufinder/plugins/mcufinder/ => /Users/aditya/.stmcufinder/plugins/mcufinder
2024-03-08 10:18:14,759 [INFO] DbMcusAds:125 - Set database path to: /Users/aditya/.stmcufinder/plugins/mcufinder//mcu/
2024-03-08 10:18:14,759 [WARN] DbFile:41 - Overriding database path with different value: /Users/aditya/.stmcufinder/plugins/mcufinder/ => /Users/aditya/.stmcufinder/plugins/mcufinder
2024-03-08 10:18:14,759 [WARN] DbFile:41 - Overriding database path with different value: /Users/aditya/.stmcufinder/plugins/mcufinder/ => /Users/aditya/.stmcufinder/plugins/mcufinder
2024-03-08 10:18:14,759 [INFO] CrossReferenceDbSqlite:203 - Set database path to: /Users/aditya/.stmcufinder/plugins/mcufinder//mcu/cs/
2024-03-08 10:18:14,777 [INFO] ApplicationProperties:184 - Using Application install path: /Applications/STM32CubeIDE.app/Contents/Eclipse/plugins/com.st.stm32cube.common.mx_6.10.0.202311202037
2024-03-08 10:18:14,778 [INFO] PluginManage:196 - Search for loadable plugins [exclusion list=, ]
2024-03-08 10:18:14,780 [INFO] PluginManage:310 - Check plugin analytics
2024-03-08 10:18:14,989 [INFO] AnalyticsPlugin:253 - Accepted Software Licenses: STM32CubeMX.6.10.0
2024-03-08 10:18:14,990 [INFO] AnalyticsPlugin:255 - Accepted CMSIS Pack Licenses: 
2024-03-08 10:18:14,990 [INFO] AnalyticsPlugin:257 - Accepted Firmware Licenses: 
2024-03-08 10:18:15,039 [INFO] PluginManage:359 - Loaded plugin analytics (category:tool,tabindex:-1)
2024-03-08 10:18:15,039 [INFO] PluginManage:310 - Check plugin cadmodel
2024-03-08 10:18:15,580 [INFO] CADModel:105 - Init CAD model plugin
2024-03-08 10:18:15,581 [INFO] PluginManage:359 - Loaded plugin cadmodel (category:power,tabindex:5)
2024-03-08 10:18:15,582 [INFO] PluginManage:310 - Check plugin clock
2024-03-08 10:18:15,601 [INFO] PluginManage:359 - Loaded plugin clock (category:base,tabindex:2)
2024-03-08 10:18:15,601 [INFO] PluginManage:310 - Check plugin ddr
2024-03-08 10:18:15,603 [INFO] PluginManage:359 - Loaded plugin ddr (category:tool,tabindex:6)
2024-03-08 10:18:15,603 [INFO] PluginManage:310 - Check plugin filemanager
2024-03-08 10:18:15,741 [INFO] PluginManage:359 - Loaded plugin filemanager (category:base,tabindex:10)
2024-03-08 10:18:15,741 [INFO] PluginManage:310 - Check plugin ipmanager
2024-03-08 10:18:15,747 [INFO] PluginManage:359 - Loaded plugin ipmanager (category:base,tabindex:5)
2024-03-08 10:18:15,747 [INFO] PluginManage:310 - Check plugin lpbam
2024-03-08 10:18:15,756 [INFO] PluginManage:359 - Loaded plugin lpbam (category:base,tabindex:0)
2024-03-08 10:18:15,756 [INFO] PluginManage:310 - Check plugin memorymap
2024-03-08 10:18:15,766 [INFO] PluginManage:359 - Loaded plugin memorymap (category:base,tabindex:4)
2024-03-08 10:18:15,766 [INFO] PluginManage:310 - Check plugin pinoutandconfiguration
2024-03-08 10:18:15,770 [INFO] PluginManage:359 - Loaded plugin pinoutandconfiguration (category:base,tabindex:1)
2024-03-08 10:18:15,771 [INFO] PluginManage:310 - Check plugin pinoutconfig
2024-03-08 10:18:15,845 [WARN] SupportedApi:132 - Cannot load RTOS API schema: s4s-elt-must-match.1: The content of 'definitions' must match (annotation?, (simpleType | complexType)?, (unique | key | keyref)*)). A problem was found starting at: attribute.
2024-03-08 10:18:16,052 [INFO] PluginManage:359 - Loaded plugin pinoutconfig (category:base,tabindex:0)
2024-03-08 10:18:16,055 [INFO] PluginManage:310 - Check plugin power
2024-03-08 10:18:16,095 [INFO] PluginManage:359 - Loaded plugin power (category:power,tabindex:4)
2024-03-08 10:18:16,096 [INFO] PluginManage:310 - Check plugin projectmanager
2024-03-08 10:18:16,157 [INFO] PluginManage:359 - Loaded plugin projectmanager (category:projectmanager,tabindex:3)
2024-03-08 10:18:16,158 [INFO] PluginManage:310 - Check plugin thirdparty
2024-03-08 10:18:16,311 [INFO] PluginManage:359 - Loaded plugin thirdparty (category:base,tabindex:-1)
2024-03-08 10:18:16,311 [INFO] PluginManage:310 - Check plugin tools
2024-03-08 10:18:16,311 [WARN] IntegrityCheckThread:84 - waiting for thirdparty lock release [integrity check]
2024-03-08 10:18:16,313 [INFO] IntegrityCheckThread:86 - entering critical section [integrity check]
2024-03-08 10:18:16,313 [INFO] PluginManage:359 - Loaded plugin tools (category:base,tabindex:7)
2024-03-08 10:18:16,314 [INFO] PluginManage:310 - Check plugin tutovideos
2024-03-08 10:18:16,314 [INFO] ThirdPartyUpdaterWithRetryManager:70 - Updater plugin not ready yet. [1/15]
2024-03-08 10:18:16,444 [INFO] PluginManage:359 - Loaded plugin tutovideos (category:base,tabindex:-1)
2024-03-08 10:18:16,445 [INFO] PluginManage:310 - Check plugin updater
2024-03-08 10:18:16,458 [INFO] PluginManage:359 - Loaded plugin updater (category:base,tabindex:12)
2024-03-08 10:18:16,458 [INFO] PluginManage:310 - Check plugin userauth
2024-03-08 10:18:16,462 [INFO] UserAuth:114 - Init User Auth plugin
2024-03-08 10:18:16,463 [INFO] PluginManage:359 - Loaded plugin userauth (category:base,tabindex:14)
2024-03-08 10:18:16,464 [INFO] PluginManage:283 - PluginManage : Loaded plugins [17]
2024-03-08 10:18:16,712 [INFO] PinOutPanel:1499 - setPackage(No Configuration,No Configuration)
2024-03-08 10:18:16,767 [INFO] CADModel:165 - CPN selected for project level
2024-03-08 10:18:16,767 [INFO] CADModel:114 - Register for checkConnection events
2024-03-08 10:18:16,775 [INFO] IPUIPlugin:80 - create IPUIPlugin
2024-03-08 10:18:16,775 [INFO] PluginManager:220 - loadIPPluginJar : add mdma
2024-03-08 10:18:16,778 [INFO] IPUIPlugin:80 - create IPUIPlugin
2024-03-08 10:18:16,779 [INFO] PluginManager:220 - loadIPPluginJar : add freertos
2024-03-08 10:18:16,781 [INFO] IPUIPlugin:80 - create IPUIPlugin
2024-03-08 10:18:16,781 [INFO] PluginManager:220 - loadIPPluginJar : add gic
2024-03-08 10:18:16,786 [INFO] IPUIPlugin:80 - create IPUIPlugin
2024-03-08 10:18:16,786 [INFO] PluginManager:220 - loadIPPluginJar : add adc
2024-03-08 10:18:16,788 [INFO] IPUIPlugin:80 - create IPUIPlugin
2024-03-08 10:18:16,788 [INFO] PluginManager:220 - loadIPPluginJar : add gtzc
2024-03-08 10:18:16,789 [INFO] IPUIPlugin:80 - create IPUIPlugin
2024-03-08 10:18:16,789 [INFO] PluginManager:220 - loadIPPluginJar : add quadspi
2024-03-08 10:18:16,790 [INFO] IPUIPlugin:80 - create IPUIPlugin
2024-03-08 10:18:16,790 [INFO] PluginManager:220 - loadIPPluginJar : add aes
2024-03-08 10:18:16,791 [INFO] IPUIPlugin:80 - create IPUIPlugin
2024-03-08 10:18:16,791 [INFO] PluginManager:220 - loadIPPluginJar : add pdm2pcm
2024-03-08 10:18:16,792 [INFO] IPUIPlugin:80 - create IPUIPlugin
2024-03-08 10:18:16,793 [INFO] PluginManager:220 - loadIPPluginJar : add hash
2024-03-08 10:18:16,793 [INFO] IPUIPlugin:80 - create IPUIPlugin
2024-03-08 10:18:16,793 [INFO] PluginManager:220 - loadIPPluginJar : add tim
2024-03-08 10:18:16,794 [INFO] IPUIPlugin:80 - create IPUIPlugin
2024-03-08 10:18:16,794 [INFO] PluginManager:220 - loadIPPluginJar : add tsc
2024-03-08 10:18:16,795 [INFO] IPUIPlugin:80 - create IPUIPlugin
2024-03-08 10:18:16,795 [INFO] PluginManager:220 - loadIPPluginJar : add ts
2024-03-08 10:18:16,796 [INFO] IPUIPlugin:80 - create IPUIPlugin
2024-03-08 10:18:16,796 [INFO] PluginManager:220 - loadIPPluginJar : add can
2024-03-08 10:18:16,797 [INFO] IPUIPlugin:80 - create IPUIPlugin
2024-03-08 10:18:16,798 [INFO] PluginManager:220 - loadIPPluginJar : add dma3
2024-03-08 10:18:16,799 [INFO] IPUIPlugin:80 - create IPUIPlugin
2024-03-08 10:18:16,799 [INFO] PluginManager:220 - loadIPPluginJar : add dfsdm
2024-03-08 10:18:16,800 [INFO] IPUIPlugin:80 - create IPUIPlugin
2024-03-08 10:18:16,800 [INFO] PluginManager:220 - loadIPPluginJar : add spi
2024-03-08 10:18:16,801 [INFO] IPUIPlugin:80 - create IPUIPlugin
2024-03-08 10:18:16,801 [INFO] PluginManager:220 - loadIPPluginJar : add gfxmmu
2024-03-08 10:18:16,802 [INFO] IPUIPlugin:80 - create IPUIPlugin
2024-03-08 10:18:16,802 [INFO] PluginManager:220 - loadIPPluginJar : add genericplugin
2024-03-08 10:18:16,803 [INFO] IPUIPlugin:80 - create IPUIPlugin
2024-03-08 10:18:16,803 [INFO] PluginManager:220 - loadIPPluginJar : add cryp
2024-03-08 10:18:16,804 [INFO] IPUIPlugin:80 - create IPUIPlugin
2024-03-08 10:18:16,804 [INFO] PluginManager:220 - loadIPPluginJar : add gpio
2024-03-08 10:18:16,805 [INFO] IPUIPlugin:80 - create IPUIPlugin
2024-03-08 10:18:16,805 [INFO] PluginManager:220 - loadIPPluginJar : add comp
2024-03-08 10:18:16,807 [INFO] IPUIPlugin:80 - create IPUIPlugin
2024-03-08 10:18:16,807 [INFO] PluginManager:220 - loadIPPluginJar : add tracer_emb
2024-03-08 10:18:16,808 [INFO] IPUIPlugin:80 - create IPUIPlugin
2024-03-08 10:18:16,808 [INFO] PluginManager:220 - loadIPPluginJar : add openamp
2024-03-08 10:18:16,810 [INFO] IPUIPlugin:80 - create IPUIPlugin
2024-03-08 10:18:16,811 [INFO] PluginManager:220 - loadIPPluginJar : add stm32_wpan
2024-03-08 10:18:16,813 [INFO] IPUIPlugin:80 - create IPUIPlugin
2024-03-08 10:18:16,816 [INFO] PluginManager:220 - loadIPPluginJar : add plateformsettings
2024-03-08 10:18:16,818 [INFO] IPUIPlugin:80 - create IPUIPlugin
2024-03-08 10:18:16,818 [INFO] PluginManager:220 - loadIPPluginJar : add ipddr
2024-03-08 10:18:16,819 [INFO] IPUIPlugin:80 - create IPUIPlugin
2024-03-08 10:18:16,819 [INFO] PluginManager:220 - loadIPPluginJar : add usart
2024-03-08 10:18:16,820 [INFO] IPUIPlugin:80 - create IPUIPlugin
2024-03-08 10:18:16,820 [INFO] PluginManager:220 - loadIPPluginJar : add ltdc
2024-03-08 10:18:16,821 [INFO] IPUIPlugin:80 - create IPUIPlugin
2024-03-08 10:18:16,821 [INFO] PluginManager:220 - loadIPPluginJar : add nvic
2024-03-08 10:18:16,821 [INFO] IPUIPlugin:80 - create IPUIPlugin
2024-03-08 10:18:16,821 [INFO] PluginManager:220 - loadIPPluginJar : add fatfs
2024-03-08 10:18:16,824 [INFO] IPUIPlugin:80 - create IPUIPlugin
2024-03-08 10:18:16,824 [INFO] PluginManager:220 - loadIPPluginJar : add linkedlist
2024-03-08 10:18:16,827 [INFO] IPUIPlugin:80 - create IPUIPlugin
2024-03-08 10:18:16,827 [INFO] PluginManager:220 - loadIPPluginJar : add dma
2024-03-08 10:18:16,828 [INFO] IPUIPlugin:80 - create IPUIPlugin
2024-03-08 10:18:16,828 [INFO] PluginManager:220 - loadIPPluginJar : add fmc
2024-03-08 10:18:16,829 [INFO] IPUIPlugin:80 - create IPUIPlugin
2024-03-08 10:18:16,829 [INFO] PluginManager:220 - loadIPPluginJar : add i2s
2024-03-08 10:18:16,830 [INFO] IPUIPlugin:80 - create IPUIPlugin
2024-03-08 10:18:16,830 [INFO] PluginManager:220 - loadIPPluginJar : add ucpd
2024-03-08 10:18:16,831 [INFO] IPUIPlugin:80 - create IPUIPlugin
2024-03-08 10:18:16,832 [INFO] PluginManager:220 - loadIPPluginJar : add lorawan
2024-03-08 10:18:16,833 [INFO] IPUIPlugin:80 - create IPUIPlugin
2024-03-08 10:18:16,833 [INFO] PluginManager:220 - loadIPPluginJar : add opamp
2024-03-08 10:18:16,834 [INFO] IPUIPlugin:80 - create IPUIPlugin
2024-03-08 10:18:16,834 [INFO] PluginManager:220 - loadIPPluginJar : add i3c
2024-03-08 10:18:16,836 [INFO] IPUIPlugin:80 - create IPUIPlugin
2024-03-08 10:18:16,836 [INFO] PluginManager:220 - loadIPPluginJar : add touchsensing
2024-03-08 10:18:16,838 [INFO] IPUIPlugin:80 - create IPUIPlugin
2024-03-08 10:18:16,838 [INFO] PluginManager:220 - loadIPPluginJar : add i2c
2024-03-08 10:18:16,839 [INFO] IPUIPlugin:80 - create IPUIPlugin
2024-03-08 10:18:16,839 [INFO] PluginManager:220 - loadIPPluginJar : add resmgrutility
2024-03-08 10:18:16,840 [INFO] IPUIPlugin:80 - create IPUIPlugin
2024-03-08 10:18:16,840 [INFO] PluginManager:220 - loadIPPluginJar : add sai
2024-03-08 10:18:16,841 [INFO] IPUIPlugin:80 - create IPUIPlugin
2024-03-08 10:18:16,842 [INFO] PluginManager:220 - loadIPPluginJar : add usbx
2024-03-08 10:18:16,969 [INFO] CADModel:165 - CPN selected for project level
2024-03-08 10:18:16,970 [INFO] CADModel:114 - Register for checkConnection events
2024-03-08 10:18:16,971 [FATAL] Updater:308 - Updater called before beeing initialized
2024-03-08 10:18:16,971 [ERROR] CADModel:125 - Updater not yet initialized, retry later 
2024-03-08 10:18:17,159 [INFO] CADModel:165 - CPN selected for project level
2024-03-08 10:18:17,159 [INFO] CADModel:114 - Register for checkConnection events
2024-03-08 10:18:17,160 [FATAL] Updater:308 - Updater called before beeing initialized
2024-03-08 10:18:17,161 [ERROR] CADModel:125 - Updater not yet initialized, retry later 
2024-03-08 10:18:17,164 [FATAL] Updater:308 - Updater called before beeing initialized
2024-03-08 10:18:17,292 [FATAL] Updater:308 - Updater called before beeing initialized
2024-03-08 10:18:17,296 [INFO] DbMcusAds:53 - JSON generation date=Wed Nov 29 05:52:27 EST 2023 (1701255147200)
2024-03-08 10:18:17,296 [FATAL] Updater:308 - Updater called before beeing initialized
2024-03-08 10:18:17,665 [WARN] DetailPanel:346 - Failed to get advertising image, set to default
2024-03-08 10:18:17,728 [FATAL] Updater:308 - Updater called before beeing initialized
2024-03-08 10:18:17,729 [FATAL] Updater:308 - Updater called before beeing initialized
2024-03-08 10:18:17,729 [FATAL] Updater:308 - Updater called before beeing initialized
2024-03-08 10:18:17,729 [WARN] DetailPanel:346 - Failed to get advertising image, set to default
2024-03-08 10:18:17,729 [FATAL] Updater:308 - Updater called before beeing initialized
2024-03-08 10:18:17,782 [ERROR] Updater:1120 - MainUpdater not yet initialized. External WinMGr cannot be set.
2024-03-08 10:18:17,818 [INFO] Updater:1056 - Updater Version found : 6.10.0
2024-03-08 10:18:17,828 [INFO] ApplicationProperties:184 - Using Application install path: /Applications/STM32CubeIDE.app/Contents/Eclipse/plugins/com.st.stm32cube.common.mx_6.10.0.202311202037
2024-03-08 10:18:18,247 [INFO] MainUpdater:2873 - connection check result : 10
2024-03-08 10:18:18,248 [INFO] MainUpdater:3567 - Updater definition file requires update
2024-03-08 10:18:18,249 [INFO] MainUpdater:290 - Updater Check For Update Now.
2024-03-08 10:18:18,250 [INFO] MicroXplorer:498 - Change Database Version : DB.6.0.100
2024-03-08 10:18:18,254 [INFO] McuFinderGlobals:63 - Set McuFinder mode to 2 (CubeIDE integrated)
2024-03-08 10:18:18,254 [INFO] UserAuth:180 - activating auth plugin
2024-03-08 10:18:18,268 [INFO] UserAuth:404 - Internet connection configuration mode: 1
2024-03-08 10:18:18,279 [INFO] JxBrowserEngine:152 - Initiate JxBrowser Engine with user profile folder
2024-03-08 10:18:18,401 [INFO] ServerAccessManage:473 - Download File updaters.zip
2024-03-08 10:18:18,489 [INFO] FileExtend:240 - Unzip File : updaters.zip
2024-03-08 10:18:18,489 [INFO] FileExtend:255 - Standard Zip Deflate
2024-03-08 10:18:18,685 [INFO] ServerAccessManage:473 - Download File PacksControlFlags.xml
2024-03-08 10:18:18,831 [INFO] ServerAccessManage:473 - Download File cubemx.pidx
2024-03-08 10:18:19,327 [WARN] MainUpdater:1194 - Updater busy. Cannot search thirdparties
2024-03-08 10:18:19,329 [INFO] ThirdPartyUpdaterWithRetryManager:96 - Updater plugin is busy. [1/15]
2024-03-08 10:18:19,444 [INFO] ServerAccessManage:473 - Download File STMicroelectronics.X-CUBE-BLEMGR.pdsc
2024-03-08 10:18:21,297 [INFO] ServerAccessManage:473 - Download File STMicroelectronics.X-CUBE-TOF1.pdsc
2024-03-08 10:18:22,331 [WARN] MainUpdater:1194 - Updater busy. Cannot search thirdparties
2024-03-08 10:18:22,331 [INFO] ThirdPartyUpdaterWithRetryManager:96 - Updater plugin is busy. [2/15]
2024-03-08 10:18:22,809 [ERROR] ServerAccessManage:1089 - Problem, file not found on Server
2024-03-08 10:18:23,651 [ERROR] ServerAccessManage:1096 - Problem, Http access forbiden
2024-03-08 10:18:23,658 [ERROR] ServerAccessManage:651 - Problem, Http access forbiden : RoweBots.I-CUBE-UNISONRTOS.pdsc.
2024-03-08 10:18:23,907 [WARN] PackLoader:240 - Cannot read IP mode file for STMicroelectronics.X-CUBE-BLEMGR.3.1.0
2024-03-08 10:18:23,972 [WARN] PackLoader:240 - Cannot read IP mode file for STMicroelectronics.X-CUBE-TOF1.3.4.1
2024-03-08 10:18:24,019 [INFO] PopulateThirdPartyThread:66 - Ending populate Thread
2024-03-08 10:18:24,024 [INFO] ThirdParty:1030 - CMSIS Pack Vendor :STMicroelectronics X-CUBE-BLEMGR 3.1.0
2024-03-08 10:18:24,024 [INFO] ThirdParty:1030 - CMSIS Pack Vendor :STMicroelectronics X-CUBE-TOF1 3.4.1
2024-03-08 10:18:24,024 [INFO] LoadServerUpdatesThread:375 - End of LoadServerUpdate Thread
2024-03-08 10:18:24,069 [INFO] CheckServerUpdateThread:120 - End of CheckServer Thread
2024-03-08 10:18:25,141 [INFO] WebApp:161 - Instantiating new browser for Auth
2024-03-08 10:18:25,446 [WARN] PackLoader:240 - Cannot read IP mode file for STMicroelectronics.X-CUBE-SMBUS.2.1.0
2024-03-08 10:18:25,461 [WARN] PackLoader:240 - Cannot read IP mode file for STMicroelectronics.X-CUBE-TOUCHGFX.4.23.0
2024-03-08 10:18:25,533 [WARN] PackLoader:240 - Cannot read IP mode file for STMicroelectronics.X-CUBE-AZRTOS-F7.1.1.0
2024-03-08 10:18:25,627 [WARN] PackLoader:240 - Cannot read IP mode file for STMicroelectronics.FP-SNS-MOTENV1.4.3.2
2024-03-08 10:18:25,666 [WARN] PackLoader:240 - Cannot read IP mode file for STMicroelectronics.FP-SNS-FLIGHT1.5.0.2
2024-03-08 10:18:25,680 [WARN] PackLoader:240 - Cannot read IP mode file for STMicroelectronics.X-CUBE-DISPLAY.3.0.0
2024-03-08 10:18:25,719 [WARN] PackLoader:240 - Cannot read IP mode file for STMicroelectronics.X-CUBE-BLE1.7.0.0
2024-03-08 10:18:25,732 [WARN] PackLoader:240 - Cannot read IP mode file for emotas.I-CUBE-CANOPEN.1.3.0
2024-03-08 10:18:25,784 [WARN] PackLoader:240 - Cannot read IP mode file for STMicroelectronics.X-CUBE-BLEMGR.3.1.0
2024-03-08 10:18:25,825 [WARN] PackLoader:240 - Cannot read IP mode file for STMicroelectronics.FP-SNS-SMARTAG2.1.2.0
2024-03-08 10:18:25,837 [INFO] LogOutputStream:77 - [STDOUT_REDIRECT] 1 : Invalid condition id : UX_CORESTACK_Condition cause : null
2024-03-08 10:18:25,839 [INFO] LogOutputStream:77 - [STDOUT_REDIRECT] 1 : Invalid condition id : UX_CORESTACK_Condition cause : null
2024-03-08 10:18:25,839 [INFO] LogOutputStream:77 - [STDOUT_REDIRECT] 1 : Invalid condition id : UX_CORESTACK_Condition cause : null
2024-03-08 10:18:25,839 [INFO] LogOutputStream:77 - [STDOUT_REDIRECT] 1 : Invalid condition id : UX_CORESTACK_Condition cause : null
2024-03-08 10:18:25,840 [INFO] LogOutputStream:77 - [STDOUT_REDIRECT] 1 : Invalid condition id : UX_CORESTACK_Condition cause : null
2024-03-08 10:18:25,849 [WARN] PackLoader:240 - Cannot read IP mode file for STMicroelectronics.X-CUBE-AZRTOS-WL.2.0.0
2024-03-08 10:18:25,862 [WARN] PackLoader:240 - Cannot read IP mode file for WES.I-CUBE-Cesium.1.3.0
2024-03-08 10:18:25,880 [WARN] PackLoader:240 - Cannot read IP mode file for STMicroelectronics.X-CUBE-BLE2.3.3.0
2024-03-08 10:18:25,892 [WARN] PackLoader:240 - Cannot read IP mode file for STMicroelectronics.X-CUBE-ALGOBUILD.1.3.0
2024-03-08 10:18:25,952 [WARN] PackLoader:240 - Cannot read IP mode file for STMicroelectronics.X-CUBE-AZRTOS-G0.1.1.0
2024-03-08 10:18:26,006 [WARN] PackLoader:240 - Cannot read IP mode file for STMicroelectronics.X-CUBE-NFC4.3.0.0
2024-03-08 10:18:26,052 [WARN] PackLoader:240 - Cannot read IP mode file for STMicroelectronics.X-CUBE-BLEMGR.3.0.0
2024-03-08 10:18:26,068 [WARN] PackLoader:240 - Cannot read IP mode file for STMicroelectronics.FP-ATR-SIGFOX1.3.2.0
2024-03-08 10:18:26,095 [WARN] PackLoader:240 - Cannot read IP mode file for STMicroelectronics.X-CUBE-EEPRMA1.5.1.0
2024-03-08 10:18:26,194 [WARN] PackLoader:240 - Cannot read IP mode file for SEGGER.I-CUBE-embOS.1.3.1
2024-03-08 10:18:26,292 [WARN] PackLoader:240 - Cannot read IP mode file for STMicroelectronics.X-CUBE-GNSS1.6.0.0
2024-03-08 10:18:26,328 [WARN] PackLoader:240 - Cannot read IP mode file for STMicroelectronics.X-CUBE-AZRTOS-F4.1.1.0
2024-03-08 10:18:26,338 [WARN] PackLoader:240 - Cannot read IP mode file for wolfSSL.I-CUBE-wolfSSL.5.6.6
2024-03-08 10:18:26,365 [WARN] PackLoader:240 - Cannot read IP mode file for STMicroelectronics.X-CUBE-AZRTOS-L5.2.0.0
2024-03-08 10:18:26,374 [WARN] PackLoader:240 - Cannot read IP mode file for ITTIA_DB.I-CUBE-ITTIADB.8.8.0
2024-03-08 10:18:26,379 [WARN] PackLoader:240 - Cannot read IP mode file for STMicroelectronics.X-CUBE-NFC7.1.0.1
2024-03-08 10:18:26,402 [WARN] PackLoader:240 - Cannot read IP mode file for STMicroelectronics.X-CUBE-NFC6.3.0.0
2024-03-08 10:18:26,408 [INFO] WebApp:780 - Register for checkConnection events
2024-03-08 10:18:26,409 [INFO] WebApp:414 - Apply proxy settings
2024-03-08 10:18:26,413 [INFO] WebApp:459 - Chromium authenticates against Manually configured proxy
2024-03-08 10:18:26,414 [WARN] PackLoader:240 - Cannot read IP mode file for STMicroelectronics.X-CUBE-AI.8.1.0
2024-03-08 10:18:26,429 [INFO] WebApp:467 - Username used for proxy authentication: 
2024-03-08 10:18:26,436 [WARN] ConditionMgr:438 - getConditionDescription Invalid condition id : LAN8742 Phy interface Condition cause : null
2024-03-08 10:18:26,437 [WARN] PackLoader:240 - Cannot read IP mode file for STMicroelectronics.X-CUBE-AZRTOS-L4.2.0.0
2024-03-08 10:18:26,440 [WARN] ConditionMgr:1039 - genDependencies : Invalid condition id : LAN8742 Phy interface Condition cause : null
2024-03-08 10:18:26,440 [WARN] ConditionMgr:1039 - genDependencies : Invalid condition id : LAN8742 Phy interface Condition cause : null
2024-03-08 10:18:26,456 [WARN] ConditionMgr:1039 - genDependencies : Invalid condition id : LAN8742 Phy interface Condition cause : null
2024-03-08 10:18:26,498 [WARN] PackLoader:240 - Cannot read IP mode file for STMicroelectronics.X-CUBE-SFXS2LP1.4.0.0
2024-03-08 10:18:26,515 [WARN] ConditionMgr:438 - getConditionDescription Invalid condition id : UX DEVICE CLASS RTOS Condition cause : null
2024-03-08 10:18:26,515 [WARN] ConditionMgr:438 - getConditionDescription Invalid condition id : UX DEVICE CLASS RTOS Condition cause : null
2024-03-08 10:18:26,520 [WARN] PackLoader:240 - Cannot read IP mode file for STMicroelectronics.X-CUBE-AZRTOS-WB.2.0.0
2024-03-08 10:18:26,523 [WARN] ConditionMgr:1039 - genDependencies : Invalid condition id : UX DEVICE CLASS RTOS Condition cause : null
2024-03-08 10:18:26,524 [WARN] ConditionMgr:1039 - genDependencies : Invalid condition id : UX DEVICE CLASS RTOS Condition cause : null
2024-03-08 10:18:26,525 [WARN] ConditionMgr:1039 - genDependencies : Invalid condition id : UX DEVICE CLASS RTOS Condition cause : null
2024-03-08 10:18:26,526 [WARN] ConditionMgr:1039 - genDependencies : Invalid condition id : UX DEVICE CLASS RTOS Condition cause : null
2024-03-08 10:18:26,526 [WARN] ConditionMgr:1039 - genDependencies : Invalid condition id : UX DEVICE CLASS RTOS Condition cause : null
2024-03-08 10:18:26,538 [WARN] PackLoader:240 - Cannot read IP mode file for STMicroelectronics.X-CUBE-SUBG2.5.0.0
2024-03-08 10:18:26,576 [WARN] PackLoader:240 - Cannot read IP mode file for STMicroelectronics.X-CUBE-AZRTOS-G4.2.0.0
2024-03-08 10:18:26,595 [WARN] PackLoader:240 - Cannot read IP mode file for Infineon.AIROC-Wi-Fi-Bluetooth-STM32.1.5.1
2024-03-08 10:18:26,607 [WARN] PackLoader:240 - Cannot read IP mode file for STMicroelectronics.FP-SNS-MOTENVWB1.1.3.1
2024-03-08 10:18:26,614 [WARN] PackLoader:240 - Cannot read IP mode file for STMicroelectronics.X-CUBE-ISPU.2.0.0
2024-03-08 10:18:26,621 [INFO] WebApp:192 - Starting web application
2024-03-08 10:18:26,621 [INFO] WebApp:544 - Web application path used /Applications/STM32CubeIDE.app/Contents/Eclipse/plugins/com.st.stm32cube.common.mx_6.10.0.202311202037/db/plugins/mcufinder/reactClient1/index.html
2024-03-08 10:18:26,673 [WARN] PackLoader:240 - Cannot read IP mode file for STMicroelectronics.X-CUBE-MEMS1.10.0.0
2024-03-08 10:18:26,809 [WARN] PackLoader:240 - Cannot read IP mode file for STMicroelectronics.X-CUBE-FREERTOS.1.1.0
2024-03-08 10:18:26,822 [WARN] PackLoader:240 - Cannot read IP mode file for portGmbH.I-Cube-SoM-uGOAL.1.1.0
2024-03-08 10:18:26,826 [WARN] PackLoader:240 - Cannot read IP mode file for STMicroelectronics.X-CUBE-ALS.1.0.1
2024-03-08 10:18:26,833 [WARN] PackLoader:240 - Cannot read IP mode file for STMicroelectronics.FP-ATR-ASTRA1.2.0.0
2024-03-08 10:18:26,846 [WARN] PackLoader:240 - Cannot read IP mode file for STMicroelectronics.X-CUBE-TOF1.3.4.0
2024-03-08 10:18:26,866 [WARN] PackLoader:240 - Cannot read IP mode file for STMicroelectronics.X-CUBE-TOF1.3.4.1
2024-03-08 10:18:26,895 [WARN] PackLoader:240 - Cannot read IP mode file for STMicroelectronics.X-CUBE-AZRTOS-H7.3.2.0
2024-03-08 10:18:26,903 [INFO] ThirdParty:978 - Integrity check success = true
2024-03-08 10:18:26,903 [INFO] IntegrityCheckThread:100 - exiting critical section [integrity check]
2024-03-08 10:18:26,903 [INFO] IntegrityCheckThread:103 - End integrity checks thread
2024-03-08 10:18:41,372 [ERROR] LogOutputStream:75 - [STDERR_REDIRECT] 
